<?xml version="1.0" encoding="UTF-8"?>
<!-- Generated by org.testng.reporters.JUnitReportReporter -->
<testsuite hostname="Furkans-MBP.lan" failures="0" tests="1" name="furkan.SetStoreTest" time="31.495" errors="0" timestamp="2021-01-21T14:00:11 CST" skipped="0">
  <testcase classname="furkan.SetStoreTest" name="setStore" time="31.495"/>
  <system-out/>
</testsuite> <!-- furkan.SetStoreTest -->
