<?xml version="1.0" encoding="UTF-8"?>
<!-- Generated by org.testng.reporters.JUnitReportReporter -->
<testsuite skipped="0" hostname="Thomas-PC" name="elena.Sprint2AgeCheckForLoanTest" tests="1" failures="0" timestamp="2021-01-24T15:59:47 EST" time="57.556" errors="0">
  <testcase name="ageCheckForLoan" time="57.556" classname="elena.Sprint2AgeCheckForLoanTest"/>
  <system-out/>
</testsuite> <!-- elena.Sprint2AgeCheckForLoanTest -->
