<?xml version="1.0" encoding="UTF-8"?>
<!-- Generated by org.testng.reporters.JUnitReportReporter -->
<testsuite hostname="Furkans-MBP.lan" failures="0" tests="1" name="elena.Sprint2EcoFriendlyTest" time="26.249" errors="0" timestamp="2021-01-25T13:08:35 CST" skipped="0">
  <testcase classname="elena.Sprint2EcoFriendlyTest" name="ecoFriendly" time="26.249"/>
  <system-out/>
</testsuite> <!-- elena.Sprint2EcoFriendlyTest -->
