<?xml version="1.0" encoding="UTF-8"?>
<!-- Generated by org.testng.reporters.JUnitReportReporter -->
<testsuite skipped="0" hostname="Thomas-PC" name="elena.Sprint1ByBrandFiltersCheckTest" tests="1" failures="0" timestamp="2021-01-24T15:59:47 EST" time="28.864" errors="0">
  <testcase name="byBrandFiltersCheck" time="28.864" classname="elena.Sprint1ByBrandFiltersCheckTest"/>
  <system-out/>
</testsuite> <!-- elena.Sprint1ByBrandFiltersCheckTest -->
