<?xml version="1.0" encoding="UTF-8"?>
<!-- Generated by org.testng.reporters.JUnitReportReporter -->
<testsuite hostname="Furkans-MBP.lan" failures="0" tests="1" name="burcu.Sprint2CompareLinksTest" time="16.658" errors="0" timestamp="2021-01-25T14:07:52 CST" skipped="0">
  <testcase classname="burcu.Sprint2CompareLinksTest" name="compareLinks" time="16.658"/>
  <system-out/>
</testsuite> <!-- burcu.Sprint2CompareLinksTest -->
