<?xml version="1.0" encoding="UTF-8"?>
<!-- Generated by org.testng.reporters.JUnitReportReporter -->
<testsuite hostname="Furkans-MBP.lan" failures="0" tests="2" name="furkan.Sprint2SignOutTest" time="64.424" errors="0" timestamp="2021-01-21T13:49:52 CST" skipped="0">
  <testcase classname="furkan.Sprint2SignOutTest" name="signOut" time="30.553"/>
  <system-out/>
  <testcase classname="furkan.Sprint2SignOutTest" name="signOut" time="33.871"/>
  <system-out/>
</testsuite> <!-- furkan.Sprint2SignOutTest -->
