<?xml version="1.0" encoding="UTF-8"?>
<!-- Generated by org.testng.reporters.JUnitReportReporter -->
<testsuite skipped="0" hostname="DESKTOP-AGAQ1MP" name="nastya.Sprint2PopularUsedCarsTest" tests="1" failures="0" timestamp="2021-01-24T00:50:23 EST" time="7.274" errors="0">
  <testcase name="checkAllLinks" time="7.274" classname="nastya.Sprint2PopularUsedCarsTest"/>
  <system-out/>
</testsuite> <!-- nastya.Sprint2PopularUsedCarsTest -->
