<?xml version="1.0" encoding="UTF-8"?>
<!-- Generated by org.testng.reporters.JUnitReportReporter -->
<testsuite skipped="0" hostname="DESKTOP-AGAQ1MP" name="furkan.Sprint1SavedSearchTest" tests="1" failures="0" timestamp="2021-01-22T21:29:14 EST" time="82.509" errors="0">
  <testcase name="savedSearch" time="82.509" classname="furkan.Sprint1SavedSearchTest"/>
  <system-out/>
</testsuite> <!-- furkan.Sprint1SavedSearchTest -->
