<?xml version="1.0" encoding="UTF-8"?>
<!-- Generated by org.testng.reporters.JUnitReportReporter -->
<testsuite skipped="0" hostname="Thomas-PC" name="elena.Sprint1ByPriceCheckTest" tests="1" failures="0" timestamp="2021-01-24T15:59:47 EST" time="23.147" errors="0">
  <testcase name="byPriceCheck" time="23.147" classname="elena.Sprint1ByPriceCheckTest"/>
  <system-out/>
</testsuite> <!-- elena.Sprint1ByPriceCheckTest -->
