<?xml version="1.0" encoding="UTF-8"?>
<!-- Generated by org.testng.reporters.JUnitReportReporter -->
<testsuite skipped="0" hostname="Thomas-PC" name="Elena.Sprint2DataPrTitleCheckTest" tests="6" failures="0" timestamp="2021-01-23T01:36:35 EST" time="201.210" errors="0">
  <testcase name="titleCheck" time="33.559" classname="Elena.Sprint2DataPrTitleCheckTest"/>
  <system-out/>
  <testcase name="titleCheck" time="29.569" classname="Elena.Sprint2DataPrTitleCheckTest"/>
  <system-out/>
  <testcase name="titleCheck" time="35.024" classname="Elena.Sprint2DataPrTitleCheckTest"/>
  <system-out/>
  <testcase name="titleCheck" time="35.690" classname="Elena.Sprint2DataPrTitleCheckTest"/>
  <system-out/>
  <testcase name="titleCheck" time="34.895" classname="Elena.Sprint2DataPrTitleCheckTest"/>
  <system-out/>
  <testcase name="titleCheck" time="32.473" classname="Elena.Sprint2DataPrTitleCheckTest"/>
  <system-out/>
</testsuite> <!-- Elena.Sprint2DataPrTitleCheckTest -->
