<?xml version="1.0" encoding="UTF-8"?>
<!-- Generated by org.testng.reporters.JUnitReportReporter -->
<testsuite hostname="Furkans-MBP.lan" failures="0" tests="1" name="elena.Sprint1SuvsFiltersCheckTest" time="18.885" errors="0" timestamp="2021-01-25T13:42:44 CST" skipped="0">
  <testcase classname="elena.Sprint1SuvsFiltersCheckTest" name="suvsFiltersCheck" time="18.885"/>
  <system-out/>
</testsuite> <!-- elena.Sprint1SuvsFiltersCheckTest -->
