<?xml version="1.0" encoding="UTF-8"?>
<!-- Generated by org.testng.reporters.JUnitReportReporter -->
<testsuite hostname="Furkans-MBP.lan" failures="0" tests="1" name="furkan.Sprint1SignInTest" time="35.941" errors="0" timestamp="2021-01-21T13:44:33 CST" skipped="0">
  <testcase classname="furkan.Sprint1SignInTest" name="positiveSignIn" time="35.941"/>
  <system-out/>
</testsuite> <!-- furkan.Sprint1SignInTest -->
