<?xml version="1.0" encoding="UTF-8"?>
<!-- Generated by org.testng.reporters.JUnitReportReporter -->
<testsuite skipped="0" hostname="Thomas-PC" name="Elena.Sprint1ByBrandFiltersCheckTest" tests="1" failures="0" timestamp="2021-01-23T01:36:35 EST" time="27.750" errors="0">
  <testcase name="byBrandFiltersCheck" time="27.750" classname="Elena.Sprint1ByBrandFiltersCheckTest"/>
  <system-out/>
</testsuite> <!-- Elena.Sprint1ByBrandFiltersCheckTest -->
