<?xml version="1.0" encoding="UTF-8"?>
<!-- Generated by org.testng.reporters.JUnitReportReporter -->
<testsuite skipped="0" hostname="Thomas-PC" name="elena.Sprint2ShopByYearTest" tests="1" failures="0" timestamp="2021-01-23T12:28:30 EST" time="30.494" errors="0">
  <testcase name="shopByYear" time="30.494" classname="elena.Sprint2ShopByYearTest"/>
  <system-out/>
</testsuite> <!-- elena.Sprint2ShopByYearTest -->
