<?xml version="1.0" encoding="UTF-8"?>
<!-- Generated by org.testng.reporters.JUnitReportReporter -->
<testsuite hostname="burcus-mbp.lan" failures="0" tests="1" name="burcu.Sprint2TitleTestForMake" time="18.889" errors="0" timestamp="2021-01-24T21:34:55 CST" skipped="0">
  <testcase classname="burcu.Sprint2TitleTestForMake" name="makeLink2" time="18.889"/>
  <system-out/>
</testsuite> <!-- burcu.Sprint2TitleTestForMake -->
