<?xml version="1.0" encoding="UTF-8"?>
<!-- Generated by org.testng.reporters.JUnitReportReporter -->
<testsuite skipped="0" hostname="Thomas-PC" name="elena.Sprint1ByPriceCheckTest" tests="1" failures="0" timestamp="2021-01-23T23:59:07 EST" time="24.575" errors="0">
  <testcase name="byPriceCheck" time="24.575" classname="elena.Sprint1ByPriceCheckTest"/>
  <system-out/>
</testsuite> <!-- elena.Sprint1ByPriceCheckTest -->
