<?xml version="1.0" encoding="UTF-8"?>
<!-- Generated by org.testng.reporters.JUnitReportReporter -->
<testsuite skipped="0" hostname="Thomas-PC" name="elena.Sprint2DataPrTitleCheckTest" tests="6" failures="0" timestamp="2021-01-24T15:59:47 EST" time="289.095" errors="0">
  <testcase name="titleCheck" time="48.788" classname="elena.Sprint2DataPrTitleCheckTest"/>
  <system-out/>
  <testcase name="titleCheck" time="48.968" classname="elena.Sprint2DataPrTitleCheckTest"/>
  <system-out/>
  <testcase name="titleCheck" time="49.253" classname="elena.Sprint2DataPrTitleCheckTest"/>
  <system-out/>
  <testcase name="titleCheck" time="47.448" classname="elena.Sprint2DataPrTitleCheckTest"/>
  <system-out/>
  <testcase name="titleCheck" time="45.043" classname="elena.Sprint2DataPrTitleCheckTest"/>
  <system-out/>
  <testcase name="titleCheck" time="49.595" classname="elena.Sprint2DataPrTitleCheckTest"/>
  <system-out/>
</testsuite> <!-- elena.Sprint2DataPrTitleCheckTest -->
