<?xml version="1.0" encoding="UTF-8"?>
<!-- Generated by org.testng.reporters.JUnitReportReporter -->
<testsuite hostname="Furkans-MBP.lan" failures="0" tests="1" name="elena.Sprint2AgeCheckForLoanTest" time="38.089" errors="0" timestamp="2021-01-25T13:08:35 CST" skipped="0">
  <testcase classname="elena.Sprint2AgeCheckForLoanTest" name="ageCheckForLoan" time="38.089"/>
  <system-out/>
</testsuite> <!-- elena.Sprint2AgeCheckForLoanTest -->
