<?xml version="1.0" encoding="UTF-8"?>
<!-- Generated by org.testng.reporters.JUnitReportReporter -->
<testsuite skipped="0" hostname="DESKTOP-AGAQ1MP" name="tests.Nastya6Test" tests="1" failures="0" timestamp="2021-01-20T19:49:36 EST" time="8.002" errors="0">
  <testcase name="enterMonthlyPayment" time="8.002" classname="tests.Nastya6Test"/>
  <system-out/>
</testsuite> <!-- tests.Nastya6Test -->
