<?xml version="1.0" encoding="UTF-8"?>
<!-- Generated by org.testng.reporters.JUnitReportReporter -->
<testsuite skipped="0" hostname="Thomas-PC" name="elena.Sprint2TypeChechSearchTest" tests="3" failures="0" timestamp="2021-01-24T15:38:09 EST" time="109.539" errors="0">
  <testcase name="typeCheckSearch" time="37.820" classname="elena.Sprint2TypeChechSearchTest"/>
  <system-out/>
  <testcase name="typeCheckSearch" time="32.886" classname="elena.Sprint2TypeChechSearchTest"/>
  <system-out/>
  <testcase name="typeCheckSearch" time="38.833" classname="elena.Sprint2TypeChechSearchTest"/>
  <system-out/>
</testsuite> <!-- elena.Sprint2TypeChechSearchTest -->
