<?xml version="1.0" encoding="UTF-8"?>
<!-- Generated by org.testng.reporters.JUnitReportReporter -->
<testsuite skipped="0" hostname="DESKTOP-AGAQ1MP" name="furkan.Sprint2TradeInTest" tests="1" failures="0" timestamp="2021-01-24T18:47:37 EST" time="27.242" errors="0">
  <testcase name="tradeIn" time="27.242" classname="furkan.Sprint2TradeInTest"/>
  <system-out/>
</testsuite> <!-- furkan.Sprint2TradeInTest -->
