<?xml version="1.0" encoding="UTF-8"?>
<!-- Generated by org.testng.reporters.JUnitReportReporter -->
<testsuite hostname="Furkans-MBP.lan" failures="0" tests="3" name="furkan.Sprint1SignInTest" time="62.960" errors="0" timestamp="2021-01-25T13:03:38 CST" skipped="0">
  <testcase classname="furkan.Sprint1SignInTest" name="positiveSignIn" time="32.977"/>
  <system-out/>
  <testcase classname="furkan.Sprint1SignInTest" name="negativeSignIn" time="15.914"/>
  <system-out/>
  <testcase classname="furkan.Sprint1SignInTest" name="negativeSignIn" time="14.069"/>
  <system-out/>
</testsuite> <!-- furkan.Sprint1SignInTest -->
