<?xml version="1.0" encoding="UTF-8"?>
<!-- Generated by org.testng.reporters.JUnitReportReporter -->
<testsuite hostname="Furkans-MBP.lan" failures="0" tests="1" name="nihal.Sprint2ServiceLinkTest" time="14.444" errors="0" timestamp="2021-01-25T16:47:26 CST" skipped="0">
  <testcase classname="nihal.Sprint2ServiceLinkTest" name="serviceRepair" time="14.444"/>
  <system-out/>
</testsuite> <!-- nihal.Sprint2ServiceLinkTest -->
