<?xml version="1.0" encoding="UTF-8"?>
<!-- Generated by org.testng.reporters.JUnitReportReporter -->
<testsuite skipped="0" hostname="Thomas-PC" name="elena.Sprint1ByBrandCheckTest" tests="1" failures="0" timestamp="2021-01-23T12:29:47 EST" time="33.845" errors="0">
  <testcase name="byBrandCheck" time="33.845" classname="elena.Sprint1ByBrandCheckTest"/>
  <system-out/>
</testsuite> <!-- elena.Sprint1ByBrandCheckTest -->
