<?xml version="1.0" encoding="UTF-8"?>
<!-- Generated by org.testng.reporters.JUnitReportReporter -->
<testsuite hostname="Furkans-MBP.lan" failures="0" tests="1" name="furkan.Sprint2SignOutTest" time="26.389" errors="0" timestamp="2021-01-25T13:03:38 CST" skipped="0">
  <testcase classname="furkan.Sprint2SignOutTest" name="signOut" time="26.389"/>
  <system-out/>
</testsuite> <!-- furkan.Sprint2SignOutTest -->
