<?xml version="1.0" encoding="UTF-8"?>
<!-- Generated by org.testng.reporters.JUnitReportReporter -->
<testsuite skipped="0" hostname="DESKTOP-AGAQ1MP" name="nastya.Sprint2ReasearchMore" tests="1" failures="0" timestamp="2021-01-24T01:50:00 EST" time="39.919" errors="0">
  <testcase name="researchMore" time="39.919" classname="nastya.Sprint2ReasearchMore"/>
  <system-out/>
</testsuite> <!-- nastya.Sprint2ReasearchMore -->
