<?xml version="1.0" encoding="UTF-8"?>
<!-- Generated by org.testng.reporters.JUnitReportReporter -->
<<<<<<< HEAD
<testsuite hostname="Furkans-MBP.lan" failures="0" tests="1" name="furkan.Sprint2TradeInTest" time="24.729" errors="0" timestamp="2021-01-24T20:01:29 CST" skipped="0">
  <testcase classname="furkan.Sprint2TradeInTest" name="tradeIn" time="24.729"/>
=======
<testsuite skipped="0" hostname="DESKTOP-AGAQ1MP" name="furkan.Sprint2TradeInTest" tests="1" failures="0" timestamp="2021-01-24T18:47:37 EST" time="27.242" errors="0">
  <testcase name="tradeIn" time="27.242" classname="furkan.Sprint2TradeInTest"/>
>>>>>>> 910f9a792ca24551f6fd3d0d1d4c02cabc86afa6
  <system-out/>
</testsuite> <!-- furkan.Sprint2TradeInTest -->
