<?xml version="1.0" encoding="UTF-8"?>
<!-- Generated by org.testng.reporters.JUnitReportReporter -->
<testsuite skipped="0" hostname="DESKTOP-AGAQ1MP" name="nastya.Sprint2TradeInTest" tests="1" failures="0" timestamp="2021-01-24T18:51:16 EST" time="25.210" errors="0">
  <testcase name="tradeYourCar" time="25.210" classname="nastya.Sprint2TradeInTest"/>
  <system-out/>
</testsuite> <!-- nastya.Sprint2TradeInTest -->
