<?xml version="1.0" encoding="UTF-8"?>
<!-- Generated by org.testng.reporters.JUnitReportReporter -->
<testsuite skipped="0" hostname="DESKTOP-AGAQ1MP" name="nastya.Sprint2BudgetSearchTest" tests="1" failures="0" timestamp="2021-01-24T01:47:50 EST" time="21.422" errors="0">
  <testcase name="seeMyBudgetCar" time="21.422" classname="nastya.Sprint2BudgetSearchTest"/>
  <system-out/>
</testsuite> <!-- nastya.Sprint2BudgetSearchTest -->
