<?xml version="1.0" encoding="UTF-8"?>
<!-- Generated by org.testng.reporters.JUnitReportReporter -->
<testsuite hostname="Furkans-MBP.lan" failures="0" tests="2" name="burcu.Sprint2CheckFilters2Test" time="21.103" errors="0" timestamp="2021-01-25T14:07:52 CST" skipped="0">
  <testcase classname="burcu.Sprint2CheckFilters2Test" name="checkFilterSize" time="10.323"/>
  <system-out/>
  <testcase classname="burcu.Sprint2CheckFilters2Test" name="checkFilterContent" time="10.780"/>
  <system-out/>
</testsuite> <!-- burcu.Sprint2CheckFilters2Test -->
