<?xml version="1.0" encoding="UTF-8"?>
<!-- Generated by org.testng.reporters.JUnitReportReporter -->
<testsuite skipped="0" hostname="Thomas-PC" name="Elena.Sprint2ShopByYearTest" tests="1" failures="0" timestamp="2021-01-23T01:36:35 EST" time="27.376" errors="0">
  <testcase name="shopByYear" time="27.376" classname="Elena.Sprint2ShopByYearTest"/>
  <system-out/>
</testsuite> <!-- Elena.Sprint2ShopByYearTest -->
