<?xml version="1.0" encoding="UTF-8"?>
<!-- Generated by org.testng.reporters.JUnitReportReporter -->
<testsuite skipped="0" hostname="Thomas-PC" name="elena.Sprint2EngineCheckTest" tests="1" failures="0" timestamp="2021-01-24T15:59:47 EST" time="43.936" errors="0">
  <testcase name="engineCheck" time="43.936" classname="elena.Sprint2EngineCheckTest"/>
  <system-out/>
</testsuite> <!-- elena.Sprint2EngineCheckTest -->
