<?xml version="1.0" encoding="UTF-8"?>
<!-- Generated by org.testng.reporters.JUnitReportReporter -->
<testsuite hostname="Furkans-MBP.lan" failures="0" tests="1" name="nastya.Sprint2PopularUsedCarsTest" time="3.840" errors="0" timestamp="2021-01-25T13:58:46 CST" skipped="0">
  <testcase classname="nastya.Sprint2PopularUsedCarsTest" name="checkAllLinks" time="3.840"/>
  <system-out/>
</testsuite> <!-- nastya.Sprint2PopularUsedCarsTest -->
