<?xml version="1.0" encoding="UTF-8"?>
<!-- Generated by org.testng.reporters.JUnitReportReporter -->
<testsuite hostname="Furkans-MBP.lan" failures="0" tests="2" name="furkan.Sprint2SignOutTest" time="77.636" errors="0" timestamp="2021-01-25T17:56:28 CST" skipped="0">
  <testcase classname="furkan.Sprint2SignOutTest" name="signOut" time="36.259"/>
  <system-out/>
  <testcase classname="furkan.Sprint2SignOutTest" name="signOut" time="41.377"/>
  <system-out/>
</testsuite> <!-- furkan.Sprint2SignOutTest -->
