<?xml version="1.0" encoding="UTF-8"?>
<!-- Generated by org.testng.reporters.JUnitReportReporter -->
<testsuite hostname="Furkans-MBP.lan" failures="0" tests="2" name="furkan.Sprint2ComparedSavedCarTest" time="86.142" errors="0" timestamp="2021-01-24T17:40:55 CST" skipped="0">
  <testcase classname="furkan.Sprint2ComparedSavedCarTest" name="compareSavedCars" time="43.357"/>
  <system-out/>
  <testcase classname="furkan.Sprint2ComparedSavedCarTest" name="compareSavedCars" time="42.785"/>
  <system-out/>
</testsuite> <!-- furkan.Sprint2ComparedSavedCarTest -->
