<?xml version="1.0" encoding="UTF-8"?>
<!-- Generated by org.testng.reporters.JUnitReportReporter -->
<testsuite hostname="Furkans-MBP.lan" failures="0" tests="1" name="elena.Sprint1ByBrandFiltersCheckTest" time="20.977" errors="0" timestamp="2021-01-25T13:48:03 CST" skipped="0">
  <testcase classname="elena.Sprint1ByBrandFiltersCheckTest" name="byBrandFiltersCheck" time="20.977"/>
  <system-out/>
</testsuite> <!-- elena.Sprint1ByBrandFiltersCheckTest -->
