<?xml version="1.0" encoding="UTF-8"?>
<!-- Generated by org.testng.reporters.JUnitReportReporter -->
<testsuite hostname="Furkans-MBP.lan" failures="0" tests="3" name="furkan.Sprint2SaveCarWithoutRegisterTest" time="108.888" errors="0" timestamp="2021-01-21T13:45:50 CST" skipped="0">
  <testcase classname="furkan.Sprint2SaveCarWithoutRegisterTest" name="saveCar" time="37.058"/>
  <system-out/>
  <testcase classname="furkan.Sprint2SaveCarWithoutRegisterTest" name="saveCar" time="36.353"/>
  <system-out/>
  <testcase classname="furkan.Sprint2SaveCarWithoutRegisterTest" name="saveCar" time="35.477"/>
  <system-out/>
</testsuite> <!-- furkan.Sprint2SaveCarWithoutRegisterTest -->
