<?xml version="1.0" encoding="UTF-8"?>
<!-- Generated by org.testng.reporters.JUnitReportReporter -->
<testsuite skipped="0" hostname="Thomas-PC" name="Elena.Sprint1InfoTests" tests="5" failures="0" timestamp="2021-01-21T22:15:38 EST" time="83.155" errors="0">
  <testcase name="test2" time="10.397" classname="Elena.Sprint1InfoTests"/>
  <system-out/>
  <testcase name="test4" time="16.182" classname="Elena.Sprint1InfoTests"/>
  <system-out/>
  <testcase name="test3" time="20.453" classname="Elena.Sprint1InfoTests"/>
  <system-out/>
  <testcase name="test5" time="12.409" classname="Elena.Sprint1InfoTests"/>
  <system-out/>
  <testcase name="test1" time="23.714" classname="Elena.Sprint1InfoTests"/>
  <system-out/>
</testsuite> <!-- Elena.Sprint1InfoTests -->
