<?xml version="1.0" encoding="UTF-8"?>
<!-- Generated by org.testng.reporters.JUnitReportReporter -->
<testsuite hostname="Furkans-MBP.lan" failures="0" tests="1" name="furkan.Sprint1SavedCarTest" time="50.033" errors="0" timestamp="2021-01-25T12:53:33 CST" skipped="0">
  <testcase classname="furkan.Sprint1SavedCarTest" name="savedSearch" time="50.033"/>
  <system-out/>
</testsuite> <!-- furkan.Sprint1SavedCarTest -->
