<?xml version="1.0" encoding="UTF-8"?>
<!-- Generated by org.testng.reporters.JUnitReportReporter -->
<testsuite skipped="0" hostname="Thomas-PC" name="Elena.Sprint2EcoFriendlyTest" tests="1" failures="0" timestamp="2021-01-23T01:43:03 EST" time="38.490" errors="0">
  <testcase name="ecoFriendly" time="38.490" classname="Elena.Sprint2EcoFriendlyTest"/>
  <system-out/>
</testsuite> <!-- Elena.Sprint2EcoFriendlyTest -->
