<?xml version="1.0" encoding="UTF-8"?>
<!-- Generated by org.testng.reporters.JUnitReportReporter -->
<testsuite hostname="Furkans-MBP.lan" failures="0" tests="2" name="furkan.Sprint1SignInTest" time="29.113" errors="0" timestamp="2021-01-25T13:51:54 CST" skipped="0">
  <testcase classname="furkan.Sprint1SignInTest" name="negativeSignIn" time="12.401"/>
  <system-out/>
  <testcase classname="furkan.Sprint1SignInTest" name="negativeSignIn" time="16.712"/>
  <system-out/>
</testsuite> <!-- furkan.Sprint1SignInTest -->
