<?xml version="1.0" encoding="UTF-8"?>
<!-- Generated by org.testng.reporters.JUnitReportReporter -->
<testsuite skipped="0" hostname="Thomas-PC" name="Elena.Sprint1ByPriceCheckTest" tests="1" failures="0" timestamp="2021-01-23T01:36:35 EST" time="25.129" errors="0">
  <testcase name="byPriceCheck" time="25.129" classname="Elena.Sprint1ByPriceCheckTest"/>
  <system-out/>
</testsuite> <!-- Elena.Sprint1ByPriceCheckTest -->
