<?xml version="1.0" encoding="UTF-8"?>
<!-- Generated by org.testng.reporters.JUnitReportReporter -->
<testsuite skipped="0" hostname="Thomas-PC" name="Elena.Sprint2InfoTests" tests="6" failures="0" timestamp="2021-01-22T20:28:16 EST" time="109.395" errors="0">
  <testcase name="test4" time="27.187" classname="Elena.Sprint2InfoTests"/>
  <system-out/>
  <testcase name="test4" time="14.370" classname="Elena.Sprint2InfoTests"/>
  <system-out/>
  <testcase name="test4" time="13.504" classname="Elena.Sprint2InfoTests"/>
  <system-out/>
  <testcase name="test4" time="21.112" classname="Elena.Sprint2InfoTests"/>
  <system-out/>
  <testcase name="test4" time="13.627" classname="Elena.Sprint2InfoTests"/>
  <system-out/>
  <testcase name="test4" time="19.595" classname="Elena.Sprint2InfoTests"/>
  <system-out/>
</testsuite> <!-- Elena.Sprint2InfoTests -->
