<?xml version="1.0" encoding="UTF-8"?>
<!-- Generated by org.testng.reporters.JUnitReportReporter -->
<testsuite skipped="0" hostname="Thomas-PC" name="elena.Sprint2DataPrTitleCheckTest" tests="6" failures="0" timestamp="2021-01-23T12:28:30 EST" time="178.297" errors="0">
  <testcase name="titleCheck" time="31.172" classname="elena.Sprint2DataPrTitleCheckTest"/>
  <system-out/>
  <testcase name="titleCheck" time="29.272" classname="elena.Sprint2DataPrTitleCheckTest"/>
  <system-out/>
  <testcase name="titleCheck" time="25.803" classname="elena.Sprint2DataPrTitleCheckTest"/>
  <system-out/>
  <testcase name="titleCheck" time="29.974" classname="elena.Sprint2DataPrTitleCheckTest"/>
  <system-out/>
  <testcase name="titleCheck" time="28.772" classname="elena.Sprint2DataPrTitleCheckTest"/>
  <system-out/>
  <testcase name="titleCheck" time="33.304" classname="elena.Sprint2DataPrTitleCheckTest"/>
  <system-out/>
</testsuite> <!-- elena.Sprint2DataPrTitleCheckTest -->
