<?xml version="1.0" encoding="UTF-8"?>
<!-- Generated by org.testng.reporters.JUnitReportReporter -->
<testsuite skipped="0" hostname="Thomas-PC" name="Elena.Sprint2EngineCheckTest" tests="1" failures="0" timestamp="2021-01-23T01:36:35 EST" time="41.010" errors="0">
  <testcase name="engineCheck" time="41.010" classname="Elena.Sprint2EngineCheckTest"/>
  <system-out/>
</testsuite> <!-- Elena.Sprint2EngineCheckTest -->
