<?xml version="1.0" encoding="UTF-8"?>
<!-- Generated by org.testng.reporters.JUnitReportReporter -->
<testsuite hostname="Furkans-MBP.lan" failures="0" tests="1" name="furkan.Sprint2TradeInTest" time="24.729" errors="0" timestamp="2021-01-24T20:01:29 CST" skipped="0">
  <testcase classname="furkan.Sprint2TradeInTest" name="tradeIn" time="24.729"/>
  <system-out/>
</testsuite> <!-- furkan.Sprint2TradeInTest -->
