<?xml version="1.0" encoding="UTF-8"?>
<!-- Generated by org.testng.reporters.JUnitReportReporter -->
<testsuite skipped="0" hostname="Thomas-PC" name="elena.Sprint1SuvsURLCheckTest" tests="1" failures="0" timestamp="2021-01-23T12:28:30 EST" time="31.929" errors="0">
  <testcase name="suvsURLCheck" time="31.929" classname="elena.Sprint1SuvsURLCheckTest"/>
  <system-out/>
</testsuite> <!-- elena.Sprint1SuvsURLCheckTest -->
