<?xml version="1.0" encoding="UTF-8"?>
<!-- Generated by org.testng.reporters.JUnitReportReporter -->
<testsuite hostname="Furkans-MBP.lan" failures="0" tests="1" name="furkan.SavedCarTest" time="55.488" errors="0" timestamp="2021-01-21T13:58:46 CST" skipped="0">
  <testcase classname="furkan.SavedCarTest" name="savedSearch" time="55.488"/>
  <system-out/>
</testsuite> <!-- furkan.SavedCarTest -->
