<?xml version="1.0" encoding="UTF-8"?>
<!-- Generated by org.testng.reporters.JUnitReportReporter -->
<testsuite skipped="0" hostname="Thomas-PC" name="Elena.Sprint2AgeCheckForLoanTest" tests="1" failures="0" timestamp="2021-01-23T01:36:35 EST" time="55.189" errors="0">
  <testcase name="ageCheckForLoan" time="55.189" classname="Elena.Sprint2AgeCheckForLoanTest"/>
  <system-out/>
</testsuite> <!-- Elena.Sprint2AgeCheckForLoanTest -->
