<?xml version="1.0" encoding="UTF-8"?>
<!-- Generated by org.testng.reporters.JUnitReportReporter -->
<testsuite skipped="0" hostname="DESKTOP-AGAQ1MP" name="nastya.Sprint2ChangeLocation" tests="1" failures="0" timestamp="2021-01-24T03:14:56 EST" time="25.098" errors="0">
  <testcase name="changeLocation" time="25.098" classname="nastya.Sprint2ChangeLocation"/>
  <system-out/>
</testsuite> <!-- nastya.Sprint2ChangeLocation -->
